<?xml version="1.0" encoding="UTF-8"?>
<!-- Generated by org.testng.reporters.JUnitXMLReporter -->
<testsuite ignored="0" hostname="MSI" failures="0" tests="4" name="Default test" time="0.665" errors="0" timestamp="2024-08-29T19:01:52 IST">
  <testcase classname="Base.ProjectSpecification" name="@BeforeMethod LaunchBrowser" time="-1.724938312372E9">
    <failure type="org.testng.TestNGException" message="
Parameter &amp;apos;browser&amp;apos; is required by BeforeMethod on method LaunchBrowser but has not been marked @Optional or defined
in C:\Users\prash\AppData\Local\Temp\testng-eclipse-545818162\testng-customsuite.xml">
      <![CDATA[org.testng.TestNGException: 
Parameter 'browser' is required by BeforeMethod on method LaunchBrowser but has not been marked @Optional or defined
in C:\Users\prash\AppData\Local\Temp\testng-eclipse-545818162\testng-customsuite.xml
at org.testng.internal.Parameters.createParams(Parameters.java:270)
at org.testng.internal.Parameters.createParametersForMethod(Parameters.java:358)
at org.testng.internal.Parameters.createParameters(Parameters.java:700)
at org.testng.internal.Parameters.createConfigurationParameters(Parameters.java:168)
at org.testng.internal.ConfigInvoker.invokeConfigurations(ConfigInvoker.java:302)
at org.testng.internal.TestInvoker.runConfigMethods(TestInvoker.java:700)
at org.testng.internal.TestInvoker.invokeMethod(TestInvoker.java:527)
at org.testng.internal.TestInvoker.invokeTestMethod(TestInvoker.java:173)
at org.testng.internal.MethodRunner.runInSequence(MethodRunner.java:46)
at org.testng.internal.TestInvoker$MethodInvocationAgent.invoke(TestInvoker.java:824)
at org.testng.internal.TestInvoker.invokeTestMethods(TestInvoker.java:146)
at org.testng.internal.TestMethodWorker.invokeTestMethods(TestMethodWorker.java:146)
at org.testng.internal.TestMethodWorker.run(TestMethodWorker.java:128)
at java.base/java.util.ArrayList.forEach(ArrayList.java:1511)
at org.testng.TestRunner.privateRun(TestRunner.java:794)
at org.testng.TestRunner.run(TestRunner.java:596)
at org.testng.SuiteRunner.runTest(SuiteRunner.java:377)
at org.testng.SuiteRunner.runSequentially(SuiteRunner.java:371)
at org.testng.SuiteRunner.privateRun(SuiteRunner.java:332)
at org.testng.SuiteRunner.run(SuiteRunner.java:276)
at org.testng.SuiteRunnerWorker.runSuite(SuiteRunnerWorker.java:53)
at org.testng.SuiteRunnerWorker.run(SuiteRunnerWorker.java:96)
at org.testng.TestNG.runSuitesSequentially(TestNG.java:1212)
at org.testng.TestNG.runSuitesLocally(TestNG.java:1134)
at org.testng.TestNG.runSuites(TestNG.java:1063)
at org.testng.TestNG.run(TestNG.java:1031)
at org.testng.remote.AbstractRemoteTestNG.run(AbstractRemoteTestNG.java:115)
at org.testng.remote.RemoteTestNG.initAndRun(RemoteTestNG.java:293)
at org.testng.remote.RemoteTestNG.main(RemoteTestNG.java:91)
]]>
    </failure>
  </testcase> <!-- @BeforeMethod LaunchBrowser -->
  <testcase classname="Base.ProjectSpecification" name="@AfterMethod closeBrowser" time="-1.724938312383E9">
    <skipped/>
  </testcase> <!-- @AfterMethod closeBrowser -->
  <testcase classname="Base.ProjectSpecification" name="@BeforeMethod LaunchBrowser" time="-1.724938312384E9">
    <skipped/>
  </testcase> <!-- @BeforeMethod LaunchBrowser -->
  <testcase classname="Base.ProjectSpecification" name="@AfterMethod closeBrowser" time="-1.724938312386E9">
    <skipped/>
  </testcase> <!-- @AfterMethod closeBrowser -->
  <testcase classname="Base.ProjectSpecification" name="@BeforeMethod LaunchBrowser" time="-1.724938312387E9">
    <skipped/>
  </testcase> <!-- @BeforeMethod LaunchBrowser -->
  <testcase classname="Base.ProjectSpecification" name="@AfterMethod closeBrowser" time="-1.72493831239E9">
    <skipped/>
  </testcase> <!-- @AfterMethod closeBrowser -->
  <testcase classname="Base.ProjectSpecification" name="@BeforeMethod LaunchBrowser" time="-1.724938312391E9">
    <skipped/>
  </testcase> <!-- @BeforeMethod LaunchBrowser -->
  <testcase classname="Base.ProjectSpecification" name="@AfterMethod closeBrowser" time="-1.724938312393E9">
    <skipped/>
  </testcase> <!-- @AfterMethod closeBrowser -->
  <testcase classname="test.TC004_RoundTrip" name="RoundTripTest" time="0.0">
    <skipped/>
  </testcase> <!-- RoundTripTest -->
  <testcase classname="test.TC004_RoundTrip" name="RoundTripTest" time="0.0">
    <skipped/>
  </testcase> <!-- RoundTripTest -->
  <testcase classname="test.TC004_RoundTrip" name="RoundTripTest" time="0.0">
    <skipped/>
  </testcase> <!-- RoundTripTest -->
  <testcase classname="test.TC004_RoundTrip" name="RoundTripTest" time="0.0">
    <skipped/>
  </testcase> <!-- RoundTripTest -->
</testsuite> <!-- Default test -->
